[debug] [2023-05-17T02:09:14.033Z] ----------------------------------------------------------------------
[debug] [2023-05-17T02:09:14.036Z] Command:       C:\Program Files\nodejs\node.exe C:\Users\Lex\AppData\Roaming\npm\node_modules\firebase-tools\lib\bin\firebase.js serve
[debug] [2023-05-17T02:09:14.036Z] CLI Version:   11.29.1
[debug] [2023-05-17T02:09:14.036Z] Platform:      win32
[debug] [2023-05-17T02:09:14.036Z] Node Version:  v18.16.0
[debug] [2023-05-17T02:09:14.037Z] Time:          Wed May 17 2023 10:09:14 GMT+0800 (China Standard Time)
[debug] [2023-05-17T02:09:14.037Z] ----------------------------------------------------------------------
[debug] 
[debug] [2023-05-17T02:09:14.121Z] > command requires scopes: ["email","openid","https://www.googleapis.com/auth/cloudplatformprojects.readonly","https://www.googleapis.com/auth/firebase","https://www.googleapis.com/auth/cloud-platform"]
[debug] [2023-05-17T02:09:14.121Z] > authorizing via signed-in user (lex.ortiz@g.msuiit.edu.ph)
[debug] [2023-05-17T02:09:14.121Z] [iam] checking project lexxofirebase for permissions ["firebase.projects.get"]
[debug] [2023-05-17T02:09:14.122Z] >>> [apiv2][query] POST https://cloudresourcemanager.googleapis.com/v1/projects/lexxofirebase:testIamPermissions [none]
[debug] [2023-05-17T02:09:14.123Z] >>> [apiv2][(partial)header] POST https://cloudresourcemanager.googleapis.com/v1/projects/lexxofirebase:testIamPermissions x-goog-quota-user=projects/lexxofirebase
[debug] [2023-05-17T02:09:14.123Z] >>> [apiv2][body] POST https://cloudresourcemanager.googleapis.com/v1/projects/lexxofirebase:testIamPermissions {"permissions":["firebase.projects.get"]}
[debug] [2023-05-17T02:09:15.153Z] <<< [apiv2][status] POST https://cloudresourcemanager.googleapis.com/v1/projects/lexxofirebase:testIamPermissions 200
[debug] [2023-05-17T02:09:15.153Z] <<< [apiv2][body] POST https://cloudresourcemanager.googleapis.com/v1/projects/lexxofirebase:testIamPermissions {"permissions":["firebase.projects.get"]}
[debug] [2023-05-17T02:09:15.154Z] >>> [apiv2][query] GET https://firebase.googleapis.com/v1beta1/projects/lexxofirebase [none]
[debug] [2023-05-17T02:09:15.541Z] <<< [apiv2][status] GET https://firebase.googleapis.com/v1beta1/projects/lexxofirebase 200
[debug] [2023-05-17T02:09:15.542Z] <<< [apiv2][body] GET https://firebase.googleapis.com/v1beta1/projects/lexxofirebase {"projectId":"lexxofirebase","projectNumber":"317609087696","displayName":"lexxofirebase","name":"projects/lexxofirebase","resources":{"hostingSite":"lexxofirebase","realtimeDatabaseInstance":"lexxofirebase-default-rtdb","storageBucket":"lexxofirebase.appspot.com","locationId":"us-central"},"state":"ACTIVE","etag":"1_a71b2f43-0f72-4e89-8411-94522ba14eaa"}
[info] 
[info] === Serving from 'C:\Users\Lex\Documents\VS Code Workspace\lexxofirebaseActivity3'...
[info] 
[debug] [2023-05-17T02:09:15.545Z] >>> [apiv2][query] GET https://firebasehosting.googleapis.com/v1beta1/projects/lexxofirebase/sites 
[debug] [2023-05-17T02:09:16.189Z] <<< [apiv2][status] GET https://firebasehosting.googleapis.com/v1beta1/projects/lexxofirebase/sites 200
[debug] [2023-05-17T02:09:16.190Z] <<< [apiv2][body] GET https://firebasehosting.googleapis.com/v1beta1/projects/lexxofirebase/sites {"sites":[{"name":"projects/lexxofirebase/sites/lexxofirebase","defaultUrl":"https://lexxofirebase.web.app","appId":"1:317609087696:web:211e5fd2a949e4988904d5","type":"DEFAULT_SITE"}]}
[debug] [2023-05-17T02:09:16.190Z] >>> [apiv2][query] GET https://firebase.googleapis.com/v1beta1/projects/lexxofirebase/webApps/1:317609087696:web:211e5fd2a949e4988904d5/config [none]
[debug] [2023-05-17T02:09:17.455Z] <<< [apiv2][status] GET https://firebase.googleapis.com/v1beta1/projects/lexxofirebase/webApps/1:317609087696:web:211e5fd2a949e4988904d5/config 200
[debug] [2023-05-17T02:09:17.455Z] <<< [apiv2][body] GET https://firebase.googleapis.com/v1beta1/projects/lexxofirebase/webApps/1:317609087696:web:211e5fd2a949e4988904d5/config {"projectId":"lexxofirebase","appId":"1:317609087696:web:211e5fd2a949e4988904d5","databaseURL":"https://lexxofirebase-default-rtdb.asia-southeast1.firebasedatabase.app","storageBucket":"lexxofirebase.appspot.com","locationId":"us-central","apiKey":"AIzaSyBlsgbeZot97iFK1nxpTMoGwifuA7nxhJ8","authDomain":"lexxofirebase.firebaseapp.com","messagingSenderId":"317609087696","measurementId":"G-6QQLK0V0D8"}
[debug] [2023-05-17T02:09:17.458Z] >>> [apiv2][query] GET https://firebase.googleapis.com/v1beta1/projects/lexxofirebase [none]
[debug] [2023-05-17T02:09:17.839Z] <<< [apiv2][status] GET https://firebase.googleapis.com/v1beta1/projects/lexxofirebase 200
[debug] [2023-05-17T02:09:17.840Z] <<< [apiv2][body] GET https://firebase.googleapis.com/v1beta1/projects/lexxofirebase {"projectId":"lexxofirebase","projectNumber":"317609087696","displayName":"lexxofirebase","name":"projects/lexxofirebase","resources":{"hostingSite":"lexxofirebase","realtimeDatabaseInstance":"lexxofirebase-default-rtdb","storageBucket":"lexxofirebase.appspot.com","locationId":"us-central"},"state":"ACTIVE","etag":"1_a71b2f43-0f72-4e89-8411-94522ba14eaa"}
[info] i  hosting[lexxofirebase]: Serving hosting files from: dist {"metadata":{"emulator":{"name":"hosting"},"message":"Serving hosting files from: \u001b[1mdist\u001b[22m"}}
[info] +  hosting[lexxofirebase]: Local server: http://localhost:5000 {"metadata":{"emulator":{"name":"hosting"},"message":"Local server: \u001b[4m\u001b[1mhttp://localhost:5000\u001b[22m\u001b[24m"}}
[info] i  hosting: ::1 - - [17/May/2023:02:09:19 +0000] "GET /style.css HTTP/1.1" 200 - "http://localhost:5000/" "Mozilla/5.0 (Windows NT 10.0; Win64; x64) AppleWebKit/537.36 (KHTML, like Gecko) Chrome/113.0.0.0 Safari/537.36 Edg/113.0.1774.42" {"metadata":{"emulator":{"name":"hosting"},"message":"::1 - - [17/May/2023:02:09:19 +0000] \"GET /style.css HTTP/1.1\" 200 - \"http://localhost:5000/\" \"Mozilla/5.0 (Windows NT 10.0; Win64; x64) AppleWebKit/537.36 (KHTML, like Gecko) Chrome/113.0.0.0 Safari/537.36 Edg/113.0.1774.42\""}}
[info] i  hosting: ::1 - - [17/May/2023:02:09:19 +0000] "GET /bundle.js HTTP/1.1" 200 - "http://localhost:5000/" "Mozilla/5.0 (Windows NT 10.0; Win64; x64) AppleWebKit/537.36 (KHTML, like Gecko) Chrome/113.0.0.0 Safari/537.36 Edg/113.0.1774.42" {"metadata":{"emulator":{"name":"hosting"},"message":"::1 - - [17/May/2023:02:09:19 +0000] \"GET /bundle.js HTTP/1.1\" 200 - \"http://localhost:5000/\" \"Mozilla/5.0 (Windows NT 10.0; Win64; x64) AppleWebKit/537.36 (KHTML, like Gecko) Chrome/113.0.0.0 Safari/537.36 Edg/113.0.1774.42\""}}
[info] i  hosting: ::1 - - [17/May/2023:02:09:20 +0000] "GET /home.html HTTP/1.1" 200 - "http://localhost:5000/" "Mozilla/5.0 (Windows NT 10.0; Win64; x64) AppleWebKit/537.36 (KHTML, like Gecko) Chrome/113.0.0.0 Safari/537.36 Edg/113.0.1774.42" {"metadata":{"emulator":{"name":"hosting"},"message":"::1 - - [17/May/2023:02:09:20 +0000] \"GET /home.html HTTP/1.1\" 200 - \"http://localhost:5000/\" \"Mozilla/5.0 (Windows NT 10.0; Win64; x64) AppleWebKit/537.36 (KHTML, like Gecko) Chrome/113.0.0.0 Safari/537.36 Edg/113.0.1774.42\""}}
